<?xml version="1.0" encoding="UTF-8"?>
<!-- Generated by org.testng.reporters.JUnitReportReporter -->
<testsuite skipped="0" hostname="Ivans-MacBook-Pro.local" name="com.bankingproject.testCases.TC_LoginTest_001" tests="1" failures="0" timestamp="26 Mar 2020 19:59:49 GMT" time="1.231" errors="0">
  <testcase name="loginTest" time="1.231" classname="com.bankingproject.testCases.TC_LoginTest_001"/>
</testsuite> <!-- com.bankingproject.testCases.TC_LoginTest_001 -->
