<?xml version="1.0" encoding="UTF-8"?>
<!-- Generated by org.testng.reporters.JUnitReportReporter -->
<testsuite skipped="0" hostname="Ivans-MacBook-Pro.local" name="com.bankingproject.testCases.TC_LoginTest_001" tests="1" failures="0" timestamp="30 Mar 2020 16:58:57 GMT" time="0.737" errors="0">
  <testcase name="loginTest" time="0.737" classname="com.bankingproject.testCases.TC_LoginTest_001"/>
</testsuite> <!-- com.bankingproject.testCases.TC_LoginTest_001 -->
