<?xml version="1.0" encoding="UTF-8"?>
<!-- Generated by org.testng.reporters.JUnitReportReporter -->
<testsuite skipped="0" hostname="Ivans-MacBook-Pro.local" name="com.bankingproject.testCases.TC_AddCustomerTest_003" tests="1" failures="0" timestamp="30 Mar 2020 16:59:02 GMT" time="14.927" errors="0">
  <testcase name="addNewCustomer" time="14.927" classname="com.bankingproject.testCases.TC_AddCustomerTest_003"/>
</testsuite> <!-- com.bankingproject.testCases.TC_AddCustomerTest_003 -->
